<?xml version="1.0" encoding="UTF-8"?>
<!-- Generated by org.testng.reporters.JUnitReportReporter -->
<testsuite hostname="LAPTOP-ICF8JRD8" failures="0" tests="4" name="Testng_annotations.dependson_keyword" time="0.016" errors="0" timestamp="2022-10-08T00:05:40 IST" skipped="0">
  <testcase classname="Testng_annotations.dependson_keyword" name="serchpage" time="0.003"/>
  <system-out/>
  <testcase classname="Testng_annotations.dependson_keyword" name="titlepage" time="0.001"/>
  <system-out/>
  <testcase classname="Testng_annotations.dependson_keyword" name="loginpage" time="0.011"/>
  <system-out/>
  <testcase classname="Testng_annotations.dependson_keyword" name="homepage" time="0.001"/>
  <system-out/>
</testsuite> <!-- Testng_annotations.dependson_keyword -->
