<?xml version="1.0" encoding="UTF-8"?>
<!-- Generated by org.testng.reporters.JUnitReportReporter -->
<testsuite hostname="LAPTOP-ICF8JRD8" failures="0" tests="2" name="parallel_Testing.test1" time="7.212" errors="0" timestamp="2022-10-15T14:22:15 IST" skipped="0">
  <testcase classname="parallel_Testing.test1" name="test2" time="3.096"/>
  <system-out/>
  <testcase classname="parallel_Testing.test1" name="test1" time="4.116"/>
  <system-out/>
</testsuite> <!-- parallel_Testing.test1 -->
