<?xml version="1.0" encoding="UTF-8"?>
<!-- Generated by org.testng.reporters.JUnitReportReporter -->
<testsuite hostname="LAPTOP-ICF8JRD8" failures="0" tests="2" name="Testng_annotations.emailable_report" time="0.016" errors="0" timestamp="2022-10-08T12:53:40 IST" skipped="0">
  <testcase classname="Testng_annotations.emailable_report" name="searchtest" time="0.002"/>
  <system-out>
    <![CDATA[search test--]]>
  </system-out>
  <testcase classname="Testng_annotations.emailable_report" name="logintest" time="0.014"/>
  <system-out>
    <![CDATA[logintest--]]>
  </system-out>
</testsuite> <!-- Testng_annotations.emailable_report -->
