<?xml version="1.0" encoding="UTF-8"?>
<!-- Generated by org.testng.reporters.JUnitReportReporter -->
<testsuite hostname="LAPTOP-ICF8JRD8" failures="0" tests="3" name="Testng_annotations.annotations" time="0.014" errors="0" timestamp="2022-10-06T00:56:43 IST" skipped="0">
  <testcase classname="Testng_annotations.annotations" name="title" time="0.004"/>
  <system-out/>
  <testcase classname="Testng_annotations.annotations" name="demo" time="0.007"/>
  <system-out/>
  <testcase classname="Testng_annotations.annotations" name="logo" time="0.003"/>
  <system-out/>
</testsuite> <!-- Testng_annotations.annotations -->
