<?xml version="1.0" encoding="UTF-8"?>
<!-- Generated by org.testng.reporters.JUnitReportReporter -->
<testsuite hostname="LAPTOP-ICF8JRD8" failures="0" tests="2" name="crossbrowsertesting.crossbrowser" time="250.017" errors="0" timestamp="2022-10-15T19:58:59 IST" skipped="0">
  <testcase classname="crossbrowsertesting.crossbrowser" name="crosbrowser" time="106.517"/>
  <system-out/>
  <testcase classname="crossbrowsertesting.crossbrowser" name="crosbrowser" time="143.500"/>
  <system-out/>
</testsuite> <!-- crossbrowsertesting.crossbrowser -->
