<?xml version="1.0" encoding="UTF-8"?>
<!-- Generated by org.testng.reporters.JUnitReportReporter -->
<testsuite hostname="LAPTOP-ICF8JRD8" failures="0" tests="4" name="dataprovider.dataprovider2" time="74.820" errors="0" timestamp="2022-10-15T12:36:23 IST" skipped="0">
  <testcase classname="dataprovider.dataprovider2" name="logintest" time="16.394"/>
  <system-out/>
  <testcase classname="dataprovider.dataprovider2" name="logintest" time="16.598"/>
  <system-out/>
  <testcase classname="dataprovider.dataprovider2" name="logintest" time="16.247"/>
  <system-out/>
  <testcase classname="dataprovider.dataprovider2" name="logintest" time="25.581"/>
  <system-out/>
</testsuite> <!-- dataprovider.dataprovider2 -->
