<?xml version="1.0" encoding="UTF-8"?>
<!-- Generated by org.testng.reporters.JUnitReportReporter -->
<testsuite hostname="LAPTOP-ICF8JRD8" failures="0" tests="5" name="Testng_annotations.invocationCount_keyword" time="0.015" errors="0" timestamp="2022-10-08T08:27:57 IST" skipped="0">
  <testcase classname="Testng_annotations.invocationCount_keyword" name="addition" time="0.002"/>
  <system-out/>
  <testcase classname="Testng_annotations.invocationCount_keyword" name="addition" time="0.000"/>
  <system-out/>
  <testcase classname="Testng_annotations.invocationCount_keyword" name="addition" time="0.011"/>
  <system-out/>
  <testcase classname="Testng_annotations.invocationCount_keyword" name="addition" time="0.000"/>
  <system-out/>
  <testcase classname="Testng_annotations.invocationCount_keyword" name="addition" time="0.002"/>
  <system-out/>
</testsuite> <!-- Testng_annotations.invocationCount_keyword -->
