<?xml version="1.0" encoding="UTF-8"?>
<!-- Generated by org.testng.reporters.JUnitReportReporter -->
<testsuite hostname="LAPTOP-ICF8JRD8" failures="0" tests="6" name="Testng_annotations.groups_keyword" time="70.819" errors="0" timestamp="2022-10-08T09:45:53 IST" skipped="0">
  <testcase classname="Testng_annotations.groups_keyword" name="title" time="10.614"/>
  <system-out/>
  <testcase classname="Testng_annotations.groups_keyword" name="loginbutton" time="13.973"/>
  <system-out/>
  <testcase classname="Testng_annotations.groups_keyword" name="logo" time="6.702"/>
  <system-out/>
  <testcase classname="Testng_annotations.groups_keyword" name="test4" time="7.221"/>
  <system-out/>
  <testcase classname="Testng_annotations.groups_keyword" name="test5" time="20.833"/>
  <system-out/>
  <testcase classname="Testng_annotations.groups_keyword" name="test6" time="11.476"/>
  <system-out/>
</testsuite> <!-- Testng_annotations.groups_keyword -->
