<?xml version="1.0" encoding="UTF-8"?>
<!-- Generated by org.testng.reporters.JUnitReportReporter -->
<testsuite hostname="LAPTOP-ICF8JRD8" failures="0" tests="4" name="Testng_annotations.kiteTestwithoutPriority" time="21.369" errors="0" timestamp="2022-10-06T01:10:08 IST" skipped="0">
  <testcase classname="Testng_annotations.kiteTestwithoutPriority" name="forgetuserid" time="7.268"/>
  <system-out/>
  <testcase classname="Testng_annotations.kiteTestwithoutPriority" name="loginbutton" time="6.906"/>
  <system-out/>
  <testcase classname="Testng_annotations.kiteTestwithoutPriority" name="logintokite" time="3.574"/>
  <system-out/>
  <testcase classname="Testng_annotations.kiteTestwithoutPriority" name="title" time="3.621"/>
  <system-out/>
</testsuite> <!-- Testng_annotations.kiteTestwithoutPriority -->
