<?xml version="1.0" encoding="UTF-8"?>
<!-- Generated by org.testng.reporters.JUnitReportReporter -->
<testsuite hostname="LAPTOP-ICF8JRD8" failures="0" tests="2" name="testng.withTestng" time="12.497" errors="0" timestamp="2022-10-05T10:18:50 IST" skipped="0">
  <testcase classname="testng.withTestng" name="m2" time="10.054"/>
  <system-out/>
  <testcase classname="testng.withTestng" name="m1" time="2.443"/>
  <system-out/>
</testsuite> <!-- testng.withTestng -->
