<?xml version="1.0" encoding="UTF-8"?>
<!-- Generated by org.testng.reporters.JUnitReportReporter -->
<testsuite hostname="LAPTOP-ICF8JRD8" failures="0" tests="20" name="Testng_annotations.invocationCount_keyword4" time="0.015" errors="0" timestamp="2022-10-09T01:34:34 IST" skipped="0">
  <testcase classname="Testng_annotations.invocationCount_keyword4" name="addition" time="0.000"/>
  <system-out/>
  <testcase classname="Testng_annotations.invocationCount_keyword4" name="addition" time="0.001"/>
  <system-out/>
  <testcase classname="Testng_annotations.invocationCount_keyword4" name="addition" time="0.001"/>
  <system-out/>
  <testcase classname="Testng_annotations.invocationCount_keyword4" name="addition" time="0.001"/>
  <system-out/>
  <testcase classname="Testng_annotations.invocationCount_keyword4" name="addition" time="0.001"/>
  <system-out/>
  <testcase classname="Testng_annotations.invocationCount_keyword4" name="addition" time="0.000"/>
  <system-out/>
  <testcase classname="Testng_annotations.invocationCount_keyword4" name="addition" time="0.001"/>
  <system-out/>
  <testcase classname="Testng_annotations.invocationCount_keyword4" name="addition" time="0.002"/>
  <system-out/>
  <testcase classname="Testng_annotations.invocationCount_keyword4" name="addition" time="0.000"/>
  <system-out/>
  <testcase classname="Testng_annotations.invocationCount_keyword4" name="addition" time="0.000"/>
  <system-out/>
  <testcase classname="Testng_annotations.invocationCount_keyword4" name="addition" time="0.002"/>
  <system-out/>
  <testcase classname="Testng_annotations.invocationCount_keyword4" name="addition" time="0.000"/>
  <system-out/>
  <testcase classname="Testng_annotations.invocationCount_keyword4" name="addition" time="0.000"/>
  <system-out/>
  <testcase classname="Testng_annotations.invocationCount_keyword4" name="addition" time="0.000"/>
  <system-out/>
  <testcase classname="Testng_annotations.invocationCount_keyword4" name="addition" time="0.001"/>
  <system-out/>
  <testcase classname="Testng_annotations.invocationCount_keyword4" name="addition" time="0.000"/>
  <system-out/>
  <testcase classname="Testng_annotations.invocationCount_keyword4" name="addition" time="0.001"/>
  <system-out/>
  <testcase classname="Testng_annotations.invocationCount_keyword4" name="addition" time="0.001"/>
  <system-out/>
  <testcase classname="Testng_annotations.invocationCount_keyword4" name="addition" time="0.002"/>
  <system-out/>
  <testcase classname="Testng_annotations.invocationCount_keyword4" name="addition" time="0.001"/>
  <system-out/>
</testsuite> <!-- Testng_annotations.invocationCount_keyword4 -->
