<?xml version="1.0" encoding="UTF-8"?>
<!-- Generated by org.testng.reporters.JUnitReportReporter -->
<testsuite hostname="LAPTOP-ICF8JRD8" failures="0" tests="3" name="Testng_annotations.kitewithPriority" time="17.450" errors="0" timestamp="2022-10-07T06:38:54 IST" skipped="0">
  <testcase classname="Testng_annotations.kitewithPriority" name="logo" time="4.265"/>
  <system-out/>
  <testcase classname="Testng_annotations.kitewithPriority" name="loginbutton" time="8.859"/>
  <system-out/>
  <testcase classname="Testng_annotations.kitewithPriority" name="logintokite" time="4.326"/>
  <system-out/>
</testsuite> <!-- Testng_annotations.kitewithPriority -->
