<?xml version="1.0" encoding="UTF-8"?>
<!-- Generated by org.testng.reporters.JUnitReportReporter -->
<testsuite hostname="LAPTOP-ICF8JRD8" failures="0" tests="1" name="parameterization.test1" time="69.755" errors="0" timestamp="2022-10-15T16:41:27 IST" skipped="0">
  <testcase classname="parameterization.test1" name="logindata" time="69.755"/>
  <system-out/>
</testsuite> <!-- parameterization.test1 -->
