<?xml version="1.0" encoding="UTF-8"?>
<!-- Generated by org.testng.reporters.JUnitReportReporter -->
<testsuite hostname="LAPTOP-ICF8JRD8" failures="0" tests="4" name="Testng_annotations.dependsOnMethods_keyword3" time="0.010" errors="0" timestamp="2022-10-09T01:34:34 IST" skipped="0">
  <testcase classname="Testng_annotations.dependsOnMethods_keyword3" name="loginpage" time="0.001"/>
  <system-out/>
  <testcase classname="Testng_annotations.dependsOnMethods_keyword3" name="serchpage" time="0.006"/>
  <system-out/>
  <testcase classname="Testng_annotations.dependsOnMethods_keyword3" name="homepage" time="0.001"/>
  <system-out/>
  <testcase classname="Testng_annotations.dependsOnMethods_keyword3" name="titlepage" time="0.002"/>
  <system-out/>
</testsuite> <!-- Testng_annotations.dependsOnMethods_keyword3 -->
