<?xml version="1.0" encoding="UTF-8"?>
<!-- Generated by org.testng.reporters.JUnitReportReporter -->
<testsuite hostname="LAPTOP-ICF8JRD8" failures="0" tests="3" name="Testng_annotations.enabled_keyword" time="7.907" errors="0" timestamp="2022-10-07T06:37:57 IST" skipped="1">
  <testcase classname="Testng_annotations.enabled_keyword" name="forgotuserid" time="3.211"/>
  <system-out/>
  <testcase classname="Testng_annotations.enabled_keyword" name="logo" time="4.696"/>
  <system-out/>
  <testcase classname="Testng_annotations.enabled_keyword" name="logintokite">
    <skipped/>
  </testcase> <!-- logintokite -->
  <system-out/>
</testsuite> <!-- Testng_annotations.enabled_keyword -->
