<?xml version="1.0" encoding="UTF-8"?>
<!-- Generated by org.testng.reporters.JUnitReportReporter -->
<testsuite hostname="LAPTOP-ICF8JRD8" failures="0" tests="2" name="Testng_annotations.Priority_keyword1" time="5.737" errors="0" timestamp="2022-10-12T05:25:36 IST" skipped="0">
  <testcase classname="Testng_annotations.Priority_keyword1" name="loginbutton" time="2.485"/>
  <system-out/>
  <testcase classname="Testng_annotations.Priority_keyword1" name="logintokite" time="3.252"/>
  <system-out/>
</testsuite> <!-- Testng_annotations.Priority_keyword1 -->
